Tue Jan 08 08:59:24 BRST 2013: LOG INITIALIZED
Tue Jan 08 08:59:24 BRST 2013: Iniciando experimento 3:
Tue Jan 08 08:59:24 BRST 2013: Obtendo as entradas do sistema a partir de conf.ini.
Tue Jan 08 08:59:25 BRST 2013: Entradas obtidas.
Tue Jan 08 08:59:25 BRST 2013: Lendo entradas:
Tue Jan 08 08:59:25 BRST 2013: - Conjunto de amostras: med201212_1000imgs_10lbp
Tue Jan 08 08:59:25 BRST 2013: - Caminho da pasta de imagens: /home/villani/Documentos/ImageCLEFmed2009_train.02
Tue Jan 08 08:59:25 BRST 2013: - Arquivo com a relacao imagem/IRMA: /home/villani/Documentos/ImageCLEFmed2009_train_codes.02.csv
Tue Jan 08 08:59:25 BRST 2013: - Arquivo estrutura codigo irma: 1345115140_export_eng.txt
Tue Jan 08 08:59:25 BRST 2013: - Quantidade de imagens que serao utilizadas: 1000
Tue Jan 08 08:59:25 BRST 2013: Obtendo conjunto de amostras:
Tue Jan 08 08:59:25 BRST 2013: - O conjunto de amostras ainda nao existe em: /home/villani/workspace/experiments03/med201212_1000imgs_10lbp.arff
Tue Jan 08 08:59:25 BRST 2013: Obtendo novo conjunto de amostras: 
Tue Jan 08 08:59:25 BRST 2013: Construindo conjunto de instancias LBP
Tue Jan 08 08:59:25 BRST 2013: - Obtendo o conjunto de rotulos IRMA
Tue Jan 08 08:59:25 BRST 2013: - Criando arquivo xml com a estrutura de codigos IRMA
Tue Jan 08 08:59:25 BRST 2013: - Arquivo xml com a estrutura de codigo IRMA criado com exito
Tue Jan 08 08:59:25 BRST 2013: - Definindo atributos do conjunto
Tue Jan 08 08:59:25 BRST 2013: - Salvando a lista de atributos e incluindo a lista de rotulos a partir do xml
Tue Jan 08 08:59:25 BRST 2013: Armazenando no conjunto as amostras com caracteristicas LBP
Tue Jan 08 08:59:25 BRST 2013:  - Obtendo a relacao nome da imagem/codigo IRMA do arquivo: /home/villani/Documentos/ImageCLEFmed2009_train_codes.02.csv
Tue Jan 08 08:59:25 BRST 2013: - Criando objeto que converte o codigo IRMA para binario e que tambem necessita do xml criado anteriormente
Tue Jan 08 08:59:25 BRST 2013: - Obtendo caracteristicas LBP para cada imagem
Tue Jan 08 09:05:54 BRST 2013: Novo conjunto de amostras salvo em: med201212_1000imgs_10lbp.arff
Tue Jan 08 09:05:56 BRST 2013: Avaliando classificadores: 
Tue Jan 08 09:05:56 BRST 2013: - Instanciando avaliador
Tue Jan 08 09:05:56 BRST 2013: - Instanciando registradores dos resultados
Tue Jan 08 09:05:56 BRST 2013: - Instanciando classificador 01
Tue Jan 08 09:05:56 BRST 2013: - Avaliando classificador class mulan.classifier.lazy.MLkNN
Tue Jan 08 09:06:50 BRST 2013: - Instanciando classificador 02
Tue Jan 08 09:06:50 BRST 2013: - Avaliando classificador class mulan.classifier.lazy.BRkNN
Tue Jan 08 09:07:20 BRST 2013: Fim do experimento
Tue Jan 08 09:07:20 BRST 2013: LOG FINALIZED

